{"/Users/sangwoo/Desktop/programming/dreamary/app.js": {"path":"/Users/sangwoo/Desktop/programming/dreamary/app.js","statementMap":{"0":{"start":{"line":1,"column":0},"end":{"line":1,"column":27}},"1":{"start":{"line":2,"column":16},"end":{"line":2,"column":34}},"2":{"start":{"line":3,"column":12},"end":{"line":3,"column":21}},"3":{"start":{"line":4,"column":19},"end":{"line":4,"column":41}},"4":{"start":{"line":5,"column":17},"end":{"line":5,"column":36}},"5":{"start":{"line":6,"column":14},"end":{"line":6,"column":39}},"6":{"start":{"line":7,"column":17},"end":{"line":7,"column":36}},"7":{"start":{"line":8,"column":13},"end":{"line":8,"column":28}},"8":{"start":{"line":10,"column":19},"end":{"line":10,"column":49}},"9":{"start":{"line":11,"column":22},"end":{"line":11,"column":55}},"10":{"start":{"line":12,"column":21},"end":{"line":12,"column":53}},"11":{"start":{"line":13,"column":26},"end":{"line":13,"column":63}},"12":{"start":{"line":14,"column":20},"end":{"line":14,"column":51}},"13":{"start":{"line":17,"column":0},"end":{"line":17,"column":67}},"14":{"start":{"line":20,"column":0},"end":{"line":20,"column":27}},"15":{"start":{"line":21,"column":0},"end":{"line":21,"column":16}},"16":{"start":{"line":23,"column":0},"end":{"line":23,"column":64}},"17":{"start":{"line":25,"column":0},"end":{"line":28,"column":3}},"18":{"start":{"line":32,"column":0},"end":{"line":32,"column":44}},"19":{"start":{"line":33,"column":0},"end":{"line":33,"column":30}},"20":{"start":{"line":34,"column":0},"end":{"line":34,"column":36}},"21":{"start":{"line":35,"column":0},"end":{"line":35,"column":44}},"22":{"start":{"line":36,"column":0},"end":{"line":36,"column":37}},"23":{"start":{"line":39,"column":0},"end":{"line":39,"column":23}}},"fnMap":{},"branchMap":{},"s":{"0":4,"1":4,"2":4,"3":4,"4":4,"5":4,"6":4,"7":4,"8":4,"9":4,"10":4,"11":4,"12":4,"13":4,"14":4,"15":4,"16":4,"17":4,"18":4,"19":4,"20":4,"21":4,"22":4,"23":4},"f":{},"b":{},"_coverageSchema":"332fd63041d2c1bcb487cc26dd0d5f7d97098a6c","hash":"9f63b35abf556a57fc84d80e88ca5d2331c826bc"}
,"/Users/sangwoo/Desktop/programming/dreamary/config/config.js": {"path":"/Users/sangwoo/Desktop/programming/dreamary/config/config.js","statementMap":{"0":{"start":{"line":1,"column":10},"end":{"line":1,"column":47}},"1":{"start":{"line":3,"column":0},"end":{"line":12,"column":1}},"2":{"start":{"line":4,"column":19},"end":{"line":4,"column":48}},"3":{"start":{"line":5,"column":4},"end":{"line":11,"column":5}},"4":{"start":{"line":6,"column":8},"end":{"line":10,"column":9}},"5":{"start":{"line":7,"column":12},"end":{"line":7,"column":59}},"6":{"start":{"line":9,"column":12},"end":{"line":9,"column":43}},"7":{"start":{"line":14,"column":0},"end":{"line":14,"column":27}}},"fnMap":{},"branchMap":{"0":{"loc":{"start":{"line":1,"column":10},"end":{"line":1,"column":47}},"type":"binary-expr","locations":[{"start":{"line":1,"column":10},"end":{"line":1,"column":30}},{"start":{"line":1,"column":34},"end":{"line":1,"column":47}}],"line":1},"1":{"loc":{"start":{"line":3,"column":0},"end":{"line":12,"column":1}},"type":"if","locations":[{"start":{"line":3,"column":0},"end":{"line":12,"column":1}},{"start":{"line":3,"column":0},"end":{"line":12,"column":1}}],"line":3},"2":{"loc":{"start":{"line":3,"column":3},"end":{"line":3,"column":42}},"type":"binary-expr","locations":[{"start":{"line":3,"column":3},"end":{"line":3,"column":17}},{"start":{"line":3,"column":21},"end":{"line":3,"column":42}}],"line":3},"3":{"loc":{"start":{"line":6,"column":8},"end":{"line":10,"column":9}},"type":"if","locations":[{"start":{"line":6,"column":8},"end":{"line":10,"column":9}},{"start":{"line":6,"column":8},"end":{"line":10,"column":9}}],"line":6}},"s":{"0":4,"1":4,"2":4,"3":4,"4":16,"5":8,"6":8,"7":4},"f":{},"b":{"0":[4,0],"1":[4,0],"2":[4,0],"3":[8,8]},"_coverageSchema":"332fd63041d2c1bcb487cc26dd0d5f7d97098a6c","hash":"ed455aa64aab8142b72844f72b1b32143c9e9730"}
,"/Users/sangwoo/Desktop/programming/dreamary/model/recruit.js": {"path":"/Users/sangwoo/Desktop/programming/dreamary/model/recruit.js","statementMap":{"0":{"start":{"line":1,"column":17},"end":{"line":1,"column":36}},"1":{"start":{"line":3,"column":22},"end":{"line":25,"column":2}},"2":{"start":{"line":27,"column":14},"end":{"line":27,"column":54}},"3":{"start":{"line":29,"column":0},"end":{"line":29,"column":27}}},"fnMap":{},"branchMap":{},"s":{"0":4,"1":4,"2":4,"3":4},"f":{},"b":{},"_coverageSchema":"332fd63041d2c1bcb487cc26dd0d5f7d97098a6c","hash":"ce69b23fb342490686a44caed4e80705398401a0"}
,"/Users/sangwoo/Desktop/programming/dreamary/model/reservation.js": {"path":"/Users/sangwoo/Desktop/programming/dreamary/model/reservation.js","statementMap":{"0":{"start":{"line":1,"column":17},"end":{"line":1,"column":36}},"1":{"start":{"line":3,"column":26},"end":{"line":22,"column":2}},"2":{"start":{"line":24,"column":18},"end":{"line":24,"column":66}},"3":{"start":{"line":26,"column":0},"end":{"line":26,"column":31}}},"fnMap":{},"branchMap":{},"s":{"0":4,"1":4,"2":4,"3":4},"f":{},"b":{},"_coverageSchema":"332fd63041d2c1bcb487cc26dd0d5f7d97098a6c","hash":"aa65533a0cdeb9ec3a9186d9f514524a2f1b378c"}
,"/Users/sangwoo/Desktop/programming/dreamary/model/ticket.js": {"path":"/Users/sangwoo/Desktop/programming/dreamary/model/ticket.js","statementMap":{"0":{"start":{"line":1,"column":17},"end":{"line":1,"column":36}},"1":{"start":{"line":3,"column":21},"end":{"line":25,"column":2}},"2":{"start":{"line":27,"column":13},"end":{"line":27,"column":51}},"3":{"start":{"line":29,"column":0},"end":{"line":29,"column":26}}},"fnMap":{},"branchMap":{},"s":{"0":4,"1":4,"2":4,"3":4},"f":{},"b":{},"_coverageSchema":"332fd63041d2c1bcb487cc26dd0d5f7d97098a6c","hash":"bcddf85d6856235fc36a76376f5874c77b1d0160"}
,"/Users/sangwoo/Desktop/programming/dreamary/model/user.js": {"path":"/Users/sangwoo/Desktop/programming/dreamary/model/user.js","statementMap":{"0":{"start":{"line":1,"column":17},"end":{"line":1,"column":36}},"1":{"start":{"line":3,"column":19},"end":{"line":24,"column":2}},"2":{"start":{"line":26,"column":13},"end":{"line":26,"column":47}},"3":{"start":{"line":28,"column":0},"end":{"line":28,"column":24}}},"fnMap":{},"branchMap":{},"s":{"0":4,"1":4,"2":4,"3":4},"f":{},"b":{},"_coverageSchema":"332fd63041d2c1bcb487cc26dd0d5f7d97098a6c","hash":"6fd21c91723ca64e14f99b262e1e5f9bdda5ab74"}
,"/Users/sangwoo/Desktop/programming/dreamary/routes/kakaoRoutes.js": {"path":"/Users/sangwoo/Desktop/programming/dreamary/routes/kakaoRoutes.js","statementMap":{"0":{"start":{"line":1,"column":16},"end":{"line":1,"column":34}},"1":{"start":{"line":2,"column":15},"end":{"line":2,"column":31}},"2":{"start":{"line":3,"column":16},"end":{"line":3,"column":42}},"3":{"start":{"line":5,"column":14},"end":{"line":5,"column":39}},"4":{"start":{"line":7,"column":0},"end":{"line":23,"column":3}},"5":{"start":{"line":8,"column":20},"end":{"line":11,"column":5}},"6":{"start":{"line":13,"column":4},"end":{"line":22,"column":5}},"7":{"start":{"line":14,"column":25},"end":{"line":14,"column":47}},"8":{"start":{"line":15,"column":25},"end":{"line":15,"column":45}},"9":{"start":{"line":16,"column":8},"end":{"line":16,"column":49}},"10":{"start":{"line":17,"column":28},"end":{"line":17,"column":79}},"11":{"start":{"line":18,"column":8},"end":{"line":18,"column":72}},"12":{"start":{"line":20,"column":8},"end":{"line":20,"column":23}},"13":{"start":{"line":21,"column":8},"end":{"line":21,"column":32}},"14":{"start":{"line":25,"column":0},"end":{"line":25,"column":24}}},"fnMap":{"0":{"name":"(anonymous_0)","decl":{"start":{"line":7,"column":17},"end":{"line":7,"column":18}},"loc":{"start":{"line":7,"column":55},"end":{"line":23,"column":1}},"line":7}},"branchMap":{},"s":{"0":4,"1":4,"2":4,"3":4,"4":4,"5":0,"6":0,"7":0,"8":0,"9":0,"10":0,"11":0,"12":0,"13":0,"14":4},"f":{"0":0},"b":{},"_coverageSchema":"332fd63041d2c1bcb487cc26dd0d5f7d97098a6c","hash":"4a1b447da85f67df4f4d6e1c7e5ba6416be40854"}
,"/Users/sangwoo/Desktop/programming/dreamary/routes/recruitRoutes.js": {"path":"/Users/sangwoo/Desktop/programming/dreamary/routes/recruitRoutes.js","statementMap":{"0":{"start":{"line":1,"column":16},"end":{"line":1,"column":34}},"1":{"start":{"line":2,"column":15},"end":{"line":2,"column":31}},"2":{"start":{"line":3,"column":10},"end":{"line":3,"column":27}},"3":{"start":{"line":4,"column":18},"end":{"line":4,"column":45}},"4":{"start":{"line":7,"column":0},"end":{"line":14,"column":3}},"5":{"start":{"line":8,"column":4},"end":{"line":13,"column":5}},"6":{"start":{"line":9,"column":30},"end":{"line":9,"column":52}},"7":{"start":{"line":10,"column":8},"end":{"line":10,"column":44}},"8":{"start":{"line":12,"column":8},"end":{"line":12,"column":32}},"9":{"start":{"line":17,"column":0},"end":{"line":27,"column":3}},"10":{"start":{"line":18,"column":4},"end":{"line":26,"column":5}},"11":{"start":{"line":19,"column":29},"end":{"line":19,"column":95}},"12":{"start":{"line":20,"column":8},"end":{"line":22,"column":9}},"13":{"start":{"line":21,"column":12},"end":{"line":21,"column":51}},"14":{"start":{"line":23,"column":8},"end":{"line":23,"column":43}},"15":{"start":{"line":25,"column":8},"end":{"line":25,"column":32}},"16":{"start":{"line":31,"column":0},"end":{"line":38,"column":3}},"17":{"start":{"line":32,"column":4},"end":{"line":37,"column":5}},"18":{"start":{"line":33,"column":28},"end":{"line":33,"column":90}},"19":{"start":{"line":34,"column":8},"end":{"line":34,"column":42}},"20":{"start":{"line":36,"column":8},"end":{"line":36,"column":32}},"21":{"start":{"line":41,"column":0},"end":{"line":52,"column":3}},"22":{"start":{"line":42,"column":4},"end":{"line":51,"column":5}},"23":{"start":{"line":43,"column":19},"end":{"line":43,"column":59}},"24":{"start":{"line":44,"column":31},"end":{"line":44,"column":104}},"25":{"start":{"line":45,"column":8},"end":{"line":47,"column":9}},"26":{"start":{"line":46,"column":12},"end":{"line":46,"column":47}},"27":{"start":{"line":48,"column":8},"end":{"line":48,"column":45}},"28":{"start":{"line":50,"column":8},"end":{"line":50,"column":32}},"29":{"start":{"line":55,"column":0},"end":{"line":62,"column":2}},"30":{"start":{"line":56,"column":4},"end":{"line":61,"column":5}},"31":{"start":{"line":57,"column":8},"end":{"line":57,"column":55}},"32":{"start":{"line":58,"column":8},"end":{"line":58,"column":33}},"33":{"start":{"line":60,"column":8},"end":{"line":60,"column":32}},"34":{"start":{"line":65,"column":0},"end":{"line":65,"column":24}}},"fnMap":{"0":{"name":"(anonymous_0)","decl":{"start":{"line":7,"column":16},"end":{"line":7,"column":17}},"loc":{"start":{"line":7,"column":36},"end":{"line":14,"column":1}},"line":7},"1":{"name":"(anonymous_1)","decl":{"start":{"line":17,"column":19},"end":{"line":17,"column":20}},"loc":{"start":{"line":17,"column":39},"end":{"line":27,"column":1}},"line":17},"2":{"name":"(anonymous_2)","decl":{"start":{"line":31,"column":17},"end":{"line":31,"column":18}},"loc":{"start":{"line":31,"column":37},"end":{"line":38,"column":1}},"line":31},"3":{"name":"(anonymous_3)","decl":{"start":{"line":41,"column":21},"end":{"line":41,"column":22}},"loc":{"start":{"line":41,"column":41},"end":{"line":52,"column":1}},"line":41},"4":{"name":"(anonymous_4)","decl":{"start":{"line":55,"column":22},"end":{"line":55,"column":23}},"loc":{"start":{"line":55,"column":42},"end":{"line":62,"column":1}},"line":55}},"branchMap":{"0":{"loc":{"start":{"line":20,"column":8},"end":{"line":22,"column":9}},"type":"if","locations":[{"start":{"line":20,"column":8},"end":{"line":22,"column":9}},{"start":{"line":20,"column":8},"end":{"line":22,"column":9}}],"line":20},"1":{"loc":{"start":{"line":45,"column":8},"end":{"line":47,"column":9}},"type":"if","locations":[{"start":{"line":45,"column":8},"end":{"line":47,"column":9}},{"start":{"line":45,"column":8},"end":{"line":47,"column":9}}],"line":45}},"s":{"0":4,"1":4,"2":4,"3":4,"4":4,"5":1,"6":1,"7":1,"8":0,"9":4,"10":3,"11":3,"12":2,"13":1,"14":1,"15":2,"16":4,"17":2,"18":2,"19":1,"20":1,"21":4,"22":3,"23":3,"24":3,"25":2,"26":1,"27":1,"28":2,"29":4,"30":3,"31":3,"32":2,"33":1,"34":4},"f":{"0":1,"1":3,"2":2,"3":3,"4":3},"b":{"0":[1,1],"1":[1,1]},"_coverageSchema":"332fd63041d2c1bcb487cc26dd0d5f7d97098a6c","hash":"c10a312b6d4fdf4fd2418cc78ab3dc0e1082bdcf"}
,"/Users/sangwoo/Desktop/programming/dreamary/routes/reservationRoutes.js": {"path":"/Users/sangwoo/Desktop/programming/dreamary/routes/reservationRoutes.js","statementMap":{"0":{"start":{"line":1,"column":16},"end":{"line":1,"column":34}},"1":{"start":{"line":2,"column":15},"end":{"line":2,"column":50}},"2":{"start":{"line":3,"column":10},"end":{"line":3,"column":27}},"3":{"start":{"line":4,"column":22},"end":{"line":4,"column":53}},"4":{"start":{"line":5,"column":15},"end":{"line":5,"column":39}},"5":{"start":{"line":8,"column":0},"end":{"line":15,"column":2}},"6":{"start":{"line":9,"column":4},"end":{"line":14,"column":5}},"7":{"start":{"line":10,"column":34},"end":{"line":10,"column":60}},"8":{"start":{"line":11,"column":8},"end":{"line":11,"column":48}},"9":{"start":{"line":13,"column":8},"end":{"line":13,"column":32}},"10":{"start":{"line":18,"column":0},"end":{"line":25,"column":2}},"11":{"start":{"line":19,"column":4},"end":{"line":24,"column":5}},"12":{"start":{"line":20,"column":34},"end":{"line":20,"column":127}},"13":{"start":{"line":21,"column":8},"end":{"line":21,"column":48}},"14":{"start":{"line":23,"column":8},"end":{"line":23,"column":32}},"15":{"start":{"line":28,"column":0},"end":{"line":48,"column":3}},"16":{"start":{"line":29,"column":4},"end":{"line":47,"column":5}},"17":{"start":{"line":30,"column":19},"end":{"line":30,"column":67}},"18":{"start":{"line":31,"column":21},"end":{"line":31,"column":52}},"19":{"start":{"line":32,"column":25},"end":{"line":32,"column":60}},"20":{"start":{"line":33,"column":8},"end":{"line":35,"column":9}},"21":{"start":{"line":34,"column":12},"end":{"line":34,"column":48}},"22":{"start":{"line":36,"column":35},"end":{"line":36,"column":65}},"23":{"start":{"line":38,"column":8},"end":{"line":38,"column":55}},"24":{"start":{"line":39,"column":8},"end":{"line":39,"column":59}},"25":{"start":{"line":41,"column":8},"end":{"line":41,"column":26}},"26":{"start":{"line":42,"column":8},"end":{"line":42,"column":30}},"27":{"start":{"line":44,"column":8},"end":{"line":44,"column":49}},"28":{"start":{"line":46,"column":8},"end":{"line":46,"column":32}},"29":{"start":{"line":51,"column":0},"end":{"line":69,"column":2}},"30":{"start":{"line":52,"column":4},"end":{"line":68,"column":5}},"31":{"start":{"line":53,"column":28},"end":{"line":53,"column":78}},"32":{"start":{"line":54,"column":8},"end":{"line":56,"column":9}},"33":{"start":{"line":55,"column":12},"end":{"line":55,"column":55}},"34":{"start":{"line":57,"column":21},"end":{"line":57,"column":59}},"35":{"start":{"line":58,"column":8},"end":{"line":58,"column":114}},"36":{"start":{"line":58,"column":70},"end":{"line":58,"column":113}},"37":{"start":{"line":59,"column":25},"end":{"line":59,"column":67}},"38":{"start":{"line":60,"column":8},"end":{"line":60,"column":123}},"39":{"start":{"line":60,"column":78},"end":{"line":60,"column":121}},"40":{"start":{"line":62,"column":8},"end":{"line":62,"column":26}},"41":{"start":{"line":63,"column":8},"end":{"line":63,"column":30}},"42":{"start":{"line":65,"column":8},"end":{"line":65,"column":31}},"43":{"start":{"line":67,"column":8},"end":{"line":67,"column":32}},"44":{"start":{"line":72,"column":0},"end":{"line":72,"column":24}}},"fnMap":{"0":{"name":"(anonymous_0)","decl":{"start":{"line":8,"column":16},"end":{"line":8,"column":17}},"loc":{"start":{"line":8,"column":36},"end":{"line":15,"column":1}},"line":8},"1":{"name":"(anonymous_1)","decl":{"start":{"line":18,"column":24},"end":{"line":18,"column":25}},"loc":{"start":{"line":18,"column":44},"end":{"line":25,"column":1}},"line":18},"2":{"name":"(anonymous_2)","decl":{"start":{"line":28,"column":17},"end":{"line":28,"column":18}},"loc":{"start":{"line":28,"column":37},"end":{"line":48,"column":1}},"line":28},"3":{"name":"(anonymous_3)","decl":{"start":{"line":51,"column":22},"end":{"line":51,"column":23}},"loc":{"start":{"line":51,"column":42},"end":{"line":69,"column":1}},"line":51},"4":{"name":"(anonymous_4)","decl":{"start":{"line":58,"column":53},"end":{"line":58,"column":54}},"loc":{"start":{"line":58,"column":70},"end":{"line":58,"column":113}},"line":58},"5":{"name":"(anonymous_5)","decl":{"start":{"line":60,"column":61},"end":{"line":60,"column":62}},"loc":{"start":{"line":60,"column":78},"end":{"line":60,"column":121}},"line":60}},"branchMap":{"0":{"loc":{"start":{"line":33,"column":8},"end":{"line":35,"column":9}},"type":"if","locations":[{"start":{"line":33,"column":8},"end":{"line":35,"column":9}},{"start":{"line":33,"column":8},"end":{"line":35,"column":9}}],"line":33},"1":{"loc":{"start":{"line":33,"column":11},"end":{"line":33,"column":29}},"type":"binary-expr","locations":[{"start":{"line":33,"column":11},"end":{"line":33,"column":16}},{"start":{"line":33,"column":20},"end":{"line":33,"column":29}}],"line":33},"2":{"loc":{"start":{"line":54,"column":8},"end":{"line":56,"column":9}},"type":"if","locations":[{"start":{"line":54,"column":8},"end":{"line":56,"column":9}},{"start":{"line":54,"column":8},"end":{"line":56,"column":9}}],"line":54}},"s":{"0":4,"1":4,"2":4,"3":4,"4":4,"5":4,"6":1,"7":1,"8":1,"9":0,"10":4,"11":3,"12":3,"13":2,"14":1,"15":4,"16":2,"17":2,"18":2,"19":2,"20":2,"21":1,"22":1,"23":1,"24":1,"25":1,"26":1,"27":1,"28":1,"29":4,"30":2,"31":2,"32":2,"33":1,"34":1,"35":1,"36":1,"37":1,"38":1,"39":1,"40":1,"41":1,"42":1,"43":1,"44":4},"f":{"0":1,"1":3,"2":2,"3":2,"4":1,"5":1},"b":{"0":[1,1],"1":[2,1],"2":[1,1]},"_coverageSchema":"332fd63041d2c1bcb487cc26dd0d5f7d97098a6c","hash":"7c1ee3aa6e1485d1b756256758043b0fa5b9a2fe"}
,"/Users/sangwoo/Desktop/programming/dreamary/routes/ticketRoutes.js": {"path":"/Users/sangwoo/Desktop/programming/dreamary/routes/ticketRoutes.js","statementMap":{"0":{"start":{"line":1,"column":16},"end":{"line":1,"column":34}},"1":{"start":{"line":2,"column":15},"end":{"line":2,"column":50}},"2":{"start":{"line":3,"column":10},"end":{"line":3,"column":27}},"3":{"start":{"line":4,"column":15},"end":{"line":4,"column":39}},"4":{"start":{"line":5,"column":17},"end":{"line":5,"column":43}},"5":{"start":{"line":8,"column":0},"end":{"line":19,"column":3}},"6":{"start":{"line":9,"column":4},"end":{"line":18,"column":5}},"7":{"start":{"line":10,"column":26},"end":{"line":10,"column":66}},"8":{"start":{"line":11,"column":8},"end":{"line":13,"column":9}},"9":{"start":{"line":12,"column":12},"end":{"line":12,"column":47}},"10":{"start":{"line":14,"column":29},"end":{"line":14,"column":70}},"11":{"start":{"line":15,"column":8},"end":{"line":15,"column":43}},"12":{"start":{"line":17,"column":8},"end":{"line":17,"column":32}},"13":{"start":{"line":22,"column":0},"end":{"line":62,"column":3}},"14":{"start":{"line":23,"column":4},"end":{"line":40,"column":5}},"15":{"start":{"line":24,"column":21},"end":{"line":24,"column":61}},"16":{"start":{"line":25,"column":8},"end":{"line":27,"column":9}},"17":{"start":{"line":26,"column":12},"end":{"line":26,"column":48}},"18":{"start":{"line":28,"column":19},"end":{"line":28,"column":53}},"19":{"start":{"line":29,"column":8},"end":{"line":29,"column":35}},"20":{"start":{"line":30,"column":8},"end":{"line":30,"column":48}},"21":{"start":{"line":32,"column":30},"end":{"line":32,"column":55}},"22":{"start":{"line":33,"column":8},"end":{"line":33,"column":45}},"23":{"start":{"line":35,"column":8},"end":{"line":35,"column":26}},"24":{"start":{"line":37,"column":8},"end":{"line":37,"column":44}},"25":{"start":{"line":39,"column":8},"end":{"line":39,"column":32}},"26":{"start":{"line":65,"column":0},"end":{"line":79,"column":3}},"27":{"start":{"line":66,"column":4},"end":{"line":78,"column":5}},"28":{"start":{"line":67,"column":26},"end":{"line":67,"column":65}},"29":{"start":{"line":68,"column":8},"end":{"line":70,"column":9}},"30":{"start":{"line":69,"column":12},"end":{"line":69,"column":48}},"31":{"start":{"line":71,"column":19},"end":{"line":71,"column":50}},"32":{"start":{"line":72,"column":8},"end":{"line":72,"column":46}},"33":{"start":{"line":73,"column":30},"end":{"line":73,"column":114}},"34":{"start":{"line":75,"column":8},"end":{"line":75,"column":44}},"35":{"start":{"line":77,"column":8},"end":{"line":77,"column":32}},"36":{"start":{"line":81,"column":0},"end":{"line":81,"column":24}}},"fnMap":{"0":{"name":"(anonymous_0)","decl":{"start":{"line":8,"column":16},"end":{"line":8,"column":17}},"loc":{"start":{"line":8,"column":36},"end":{"line":19,"column":1}},"line":8},"1":{"name":"(anonymous_1)","decl":{"start":{"line":22,"column":17},"end":{"line":22,"column":18}},"loc":{"start":{"line":22,"column":37},"end":{"line":62,"column":1}},"line":22},"2":{"name":"(anonymous_2)","decl":{"start":{"line":65,"column":28},"end":{"line":65,"column":29}},"loc":{"start":{"line":65,"column":48},"end":{"line":79,"column":1}},"line":65}},"branchMap":{"0":{"loc":{"start":{"line":11,"column":8},"end":{"line":13,"column":9}},"type":"if","locations":[{"start":{"line":11,"column":8},"end":{"line":13,"column":9}},{"start":{"line":11,"column":8},"end":{"line":13,"column":9}}],"line":11},"1":{"loc":{"start":{"line":25,"column":8},"end":{"line":27,"column":9}},"type":"if","locations":[{"start":{"line":25,"column":8},"end":{"line":27,"column":9}},{"start":{"line":25,"column":8},"end":{"line":27,"column":9}}],"line":25},"2":{"loc":{"start":{"line":68,"column":8},"end":{"line":70,"column":9}},"type":"if","locations":[{"start":{"line":68,"column":8},"end":{"line":70,"column":9}},{"start":{"line":68,"column":8},"end":{"line":70,"column":9}}],"line":68}},"s":{"0":4,"1":4,"2":4,"3":4,"4":4,"5":4,"6":3,"7":3,"8":3,"9":1,"10":2,"11":2,"12":1,"13":4,"14":3,"15":3,"16":3,"17":1,"18":2,"19":2,"20":2,"21":2,"22":1,"23":1,"24":1,"25":2,"26":4,"27":2,"28":2,"29":2,"30":1,"31":1,"32":1,"33":1,"34":1,"35":1,"36":4},"f":{"0":3,"1":3,"2":2},"b":{"0":[1,2],"1":[1,2],"2":[1,1]},"_coverageSchema":"332fd63041d2c1bcb487cc26dd0d5f7d97098a6c","hash":"bf82611990a0cb6356aaabe1a04bf8c689f40426"}
,"/Users/sangwoo/Desktop/programming/dreamary/routes/userRoutes.js": {"path":"/Users/sangwoo/Desktop/programming/dreamary/routes/userRoutes.js","statementMap":{"0":{"start":{"line":1,"column":14},"end":{"line":1,"column":32}},"1":{"start":{"line":2,"column":13},"end":{"line":2,"column":29}},"2":{"start":{"line":3,"column":13},"end":{"line":3,"column":37}},"3":{"start":{"line":4,"column":8},"end":{"line":4,"column":25}},"4":{"start":{"line":7,"column":0},"end":{"line":14,"column":3}},"5":{"start":{"line":8,"column":4},"end":{"line":13,"column":5}},"6":{"start":{"line":9,"column":27},"end":{"line":9,"column":44}},"7":{"start":{"line":10,"column":8},"end":{"line":10,"column":41}},"8":{"start":{"line":12,"column":8},"end":{"line":12,"column":30}},"9":{"start":{"line":17,"column":0},"end":{"line":28,"column":2}},"10":{"start":{"line":18,"column":4},"end":{"line":27,"column":5}},"11":{"start":{"line":19,"column":19},"end":{"line":19,"column":52}},"12":{"start":{"line":20,"column":8},"end":{"line":20,"column":26}},"13":{"start":{"line":21,"column":8},"end":{"line":21,"column":31}},"14":{"start":{"line":22,"column":28},"end":{"line":22,"column":51}},"15":{"start":{"line":24,"column":8},"end":{"line":24,"column":42}},"16":{"start":{"line":26,"column":8},"end":{"line":26,"column":32}},"17":{"start":{"line":30,"column":0},"end":{"line":30,"column":24}}},"fnMap":{"0":{"name":"(anonymous_0)","decl":{"start":{"line":7,"column":16},"end":{"line":7,"column":17}},"loc":{"start":{"line":7,"column":36},"end":{"line":14,"column":1}},"line":7},"1":{"name":"(anonymous_1)","decl":{"start":{"line":17,"column":17},"end":{"line":17,"column":18}},"loc":{"start":{"line":17,"column":37},"end":{"line":28,"column":1}},"line":17}},"branchMap":{},"s":{"0":4,"1":4,"2":4,"3":4,"4":4,"5":1,"6":1,"7":1,"8":0,"9":4,"10":1,"11":1,"12":1,"13":1,"14":1,"15":1,"16":0,"17":4},"f":{"0":1,"1":1},"b":{},"_coverageSchema":"332fd63041d2c1bcb487cc26dd0d5f7d97098a6c","hash":"9785697389ea876e02eca07e3a4cd5c1ee3f7ec1"}
,"/Users/sangwoo/Desktop/programming/dreamary/test/seed/recruitSeed.js": {"path":"/Users/sangwoo/Desktop/programming/dreamary/test/seed/recruitSeed.js","statementMap":{"0":{"start":{"line":1,"column":19},"end":{"line":1,"column":37}},"1":{"start":{"line":2,"column":18},"end":{"line":2,"column":48}},"2":{"start":{"line":3,"column":16},"end":{"line":3,"column":37}},"3":{"start":{"line":6,"column":17},"end":{"line":12,"column":1}},"4":{"start":{"line":14,"column":25},"end":{"line":20,"column":1}},"5":{"start":{"line":15,"column":4},"end":{"line":19,"column":7}},"6":{"start":{"line":16,"column":8},"end":{"line":16,"column":44}},"7":{"start":{"line":18,"column":8},"end":{"line":18,"column":15}},"8":{"start":{"line":22,"column":0},"end":{"line":22,"column":46}}},"fnMap":{"0":{"name":"(anonymous_0)","decl":{"start":{"line":14,"column":25},"end":{"line":14,"column":26}},"loc":{"start":{"line":14,"column":35},"end":{"line":20,"column":1}},"line":14},"1":{"name":"(anonymous_1)","decl":{"start":{"line":15,"column":32},"end":{"line":15,"column":33}},"loc":{"start":{"line":15,"column":38},"end":{"line":17,"column":5}},"line":15},"2":{"name":"(anonymous_2)","decl":{"start":{"line":17,"column":12},"end":{"line":17,"column":13}},"loc":{"start":{"line":17,"column":18},"end":{"line":19,"column":5}},"line":17}},"branchMap":{},"s":{"0":1,"1":1,"2":1,"3":1,"4":1,"5":12,"6":12,"7":12,"8":1},"f":{"0":12,"1":12,"2":12},"b":{},"_coverageSchema":"332fd63041d2c1bcb487cc26dd0d5f7d97098a6c","hash":"40d7465772497db1127bd34440501323da18b607"}
,"/Users/sangwoo/Desktop/programming/dreamary/test/seed/reservationSeed.js": {"path":"/Users/sangwoo/Desktop/programming/dreamary/test/seed/reservationSeed.js","statementMap":{"0":{"start":{"line":1,"column":19},"end":{"line":1,"column":37}},"1":{"start":{"line":2,"column":15},"end":{"line":2,"column":42}},"2":{"start":{"line":3,"column":22},"end":{"line":3,"column":56}},"3":{"start":{"line":4,"column":31},"end":{"line":4,"column":58}},"4":{"start":{"line":6,"column":21},"end":{"line":16,"column":1}},"5":{"start":{"line":18,"column":28},"end":{"line":30,"column":1}},"6":{"start":{"line":19,"column":4},"end":{"line":29,"column":6}},"7":{"start":{"line":20,"column":8},"end":{"line":20,"column":52}},"8":{"start":{"line":22,"column":8},"end":{"line":22,"column":112}},"9":{"start":{"line":24,"column":8},"end":{"line":24,"column":112}},"10":{"start":{"line":26,"column":8},"end":{"line":26,"column":15}},"11":{"start":{"line":28,"column":8},"end":{"line":28,"column":16}},"12":{"start":{"line":32,"column":0},"end":{"line":32,"column":53}}},"fnMap":{"0":{"name":"(anonymous_0)","decl":{"start":{"line":18,"column":28},"end":{"line":18,"column":29}},"loc":{"start":{"line":18,"column":38},"end":{"line":30,"column":1}},"line":18},"1":{"name":"(anonymous_1)","decl":{"start":{"line":19,"column":36},"end":{"line":19,"column":37}},"loc":{"start":{"line":19,"column":42},"end":{"line":21,"column":5}},"line":19},"2":{"name":"(anonymous_2)","decl":{"start":{"line":21,"column":12},"end":{"line":21,"column":13}},"loc":{"start":{"line":21,"column":18},"end":{"line":23,"column":5}},"line":21},"3":{"name":"(anonymous_3)","decl":{"start":{"line":23,"column":12},"end":{"line":23,"column":13}},"loc":{"start":{"line":23,"column":18},"end":{"line":25,"column":5}},"line":23},"4":{"name":"(anonymous_4)","decl":{"start":{"line":25,"column":12},"end":{"line":25,"column":13}},"loc":{"start":{"line":25,"column":18},"end":{"line":27,"column":5}},"line":25},"5":{"name":"(anonymous_5)","decl":{"start":{"line":27,"column":13},"end":{"line":27,"column":14}},"loc":{"start":{"line":27,"column":18},"end":{"line":29,"column":5}},"line":27}},"branchMap":{},"s":{"0":1,"1":1,"2":1,"3":1,"4":1,"5":1,"6":8,"7":8,"8":8,"9":8,"10":8,"11":0,"12":1},"f":{"0":8,"1":8,"2":8,"3":8,"4":8,"5":0},"b":{},"_coverageSchema":"332fd63041d2c1bcb487cc26dd0d5f7d97098a6c","hash":"39e9b4b56c3b9da30dc7d627b6cadcee8ce6b824"}
,"/Users/sangwoo/Desktop/programming/dreamary/test/seed/ticketSeed.js": {"path":"/Users/sangwoo/Desktop/programming/dreamary/test/seed/ticketSeed.js","statementMap":{"0":{"start":{"line":1,"column":19},"end":{"line":1,"column":37}},"1":{"start":{"line":2,"column":17},"end":{"line":2,"column":46}},"2":{"start":{"line":3,"column":15},"end":{"line":3,"column":42}},"3":{"start":{"line":4,"column":16},"end":{"line":4,"column":37}},"4":{"start":{"line":6,"column":16},"end":{"line":26,"column":1}},"5":{"start":{"line":28,"column":23},"end":{"line":40,"column":1}},"6":{"start":{"line":29,"column":4},"end":{"line":39,"column":7}},"7":{"start":{"line":30,"column":8},"end":{"line":30,"column":42}},"8":{"start":{"line":32,"column":8},"end":{"line":32,"column":117}},"9":{"start":{"line":34,"column":8},"end":{"line":34,"column":101}},"10":{"start":{"line":36,"column":8},"end":{"line":36,"column":15}},"11":{"start":{"line":38,"column":8},"end":{"line":38,"column":16}},"12":{"start":{"line":42,"column":0},"end":{"line":42,"column":43}}},"fnMap":{"0":{"name":"(anonymous_0)","decl":{"start":{"line":28,"column":23},"end":{"line":28,"column":24}},"loc":{"start":{"line":28,"column":33},"end":{"line":40,"column":1}},"line":28},"1":{"name":"(anonymous_1)","decl":{"start":{"line":29,"column":31},"end":{"line":29,"column":32}},"loc":{"start":{"line":29,"column":37},"end":{"line":31,"column":5}},"line":29},"2":{"name":"(anonymous_2)","decl":{"start":{"line":31,"column":12},"end":{"line":31,"column":13}},"loc":{"start":{"line":31,"column":18},"end":{"line":33,"column":5}},"line":31},"3":{"name":"(anonymous_3)","decl":{"start":{"line":33,"column":12},"end":{"line":33,"column":13}},"loc":{"start":{"line":33,"column":25},"end":{"line":35,"column":5}},"line":33},"4":{"name":"(anonymous_4)","decl":{"start":{"line":35,"column":12},"end":{"line":35,"column":13}},"loc":{"start":{"line":35,"column":25},"end":{"line":37,"column":5}},"line":35},"5":{"name":"(anonymous_5)","decl":{"start":{"line":37,"column":13},"end":{"line":37,"column":14}},"loc":{"start":{"line":37,"column":18},"end":{"line":39,"column":5}},"line":37}},"branchMap":{},"s":{"0":1,"1":1,"2":1,"3":1,"4":1,"5":1,"6":8,"7":8,"8":8,"9":8,"10":8,"11":0,"12":1},"f":{"0":8,"1":8,"2":8,"3":8,"4":8,"5":0},"b":{},"_coverageSchema":"332fd63041d2c1bcb487cc26dd0d5f7d97098a6c","hash":"53a72ad86a05b5b83a3fb1a712402a66e101a109"}
,"/Users/sangwoo/Desktop/programming/dreamary/test/seed/userSeed.js": {"path":"/Users/sangwoo/Desktop/programming/dreamary/test/seed/userSeed.js","statementMap":{"0":{"start":{"line":1,"column":19},"end":{"line":1,"column":37}},"1":{"start":{"line":2,"column":15},"end":{"line":2,"column":42}},"2":{"start":{"line":5,"column":14},"end":{"line":25,"column":1}},"3":{"start":{"line":27,"column":22},"end":{"line":33,"column":1}},"4":{"start":{"line":28,"column":4},"end":{"line":32,"column":7}},"5":{"start":{"line":29,"column":8},"end":{"line":29,"column":38}},"6":{"start":{"line":31,"column":8},"end":{"line":31,"column":15}},"7":{"start":{"line":36,"column":0},"end":{"line":36,"column":40}}},"fnMap":{"0":{"name":"(anonymous_0)","decl":{"start":{"line":27,"column":22},"end":{"line":27,"column":23}},"loc":{"start":{"line":27,"column":32},"end":{"line":33,"column":1}},"line":27},"1":{"name":"(anonymous_1)","decl":{"start":{"line":28,"column":29},"end":{"line":28,"column":30}},"loc":{"start":{"line":28,"column":35},"end":{"line":30,"column":5}},"line":28},"2":{"name":"(anonymous_2)","decl":{"start":{"line":30,"column":12},"end":{"line":30,"column":13}},"loc":{"start":{"line":30,"column":18},"end":{"line":32,"column":5}},"line":30}},"branchMap":{},"s":{"0":4,"1":4,"2":4,"3":4,"4":30,"5":30,"6":30,"7":4},"f":{"0":30,"1":30,"2":30},"b":{},"_coverageSchema":"332fd63041d2c1bcb487cc26dd0d5f7d97098a6c","hash":"5a53056cc62f66679a8b928a7f6788dfd98029d7"}
}
