TN:
SF:/Users/sangwoo/Desktop/programming/dreamary/app.js
FNF:0
FNH:0
DA:1,4
DA:2,4
DA:3,4
DA:4,4
DA:5,4
DA:6,4
DA:7,4
DA:8,4
DA:10,4
DA:11,4
DA:12,4
DA:13,4
DA:14,4
DA:17,4
DA:20,4
DA:21,4
DA:23,4
DA:25,4
DA:32,4
DA:33,4
DA:34,4
DA:35,4
DA:36,4
DA:39,4
LF:24
LH:24
BRF:0
BRH:0
end_of_record
TN:
SF:/Users/sangwoo/Desktop/programming/dreamary/config/config.js
FNF:0
FNH:0
DA:1,4
DA:3,4
DA:4,4
DA:5,4
DA:6,16
DA:7,8
DA:9,8
DA:14,4
LF:8
LH:8
BRDA:1,0,0,4
BRDA:1,0,1,0
BRDA:3,1,0,4
BRDA:3,1,1,0
BRDA:3,2,0,4
BRDA:3,2,1,0
BRDA:6,3,0,8
BRDA:6,3,1,8
BRF:8
BRH:5
end_of_record
TN:
SF:/Users/sangwoo/Desktop/programming/dreamary/model/recruit.js
FNF:0
FNH:0
DA:1,4
DA:3,4
DA:27,4
DA:29,4
LF:4
LH:4
BRF:0
BRH:0
end_of_record
TN:
SF:/Users/sangwoo/Desktop/programming/dreamary/model/reservation.js
FNF:0
FNH:0
DA:1,4
DA:3,4
DA:24,4
DA:26,4
LF:4
LH:4
BRF:0
BRH:0
end_of_record
TN:
SF:/Users/sangwoo/Desktop/programming/dreamary/model/ticket.js
FNF:0
FNH:0
DA:1,4
DA:3,4
DA:27,4
DA:29,4
LF:4
LH:4
BRF:0
BRH:0
end_of_record
TN:
SF:/Users/sangwoo/Desktop/programming/dreamary/model/user.js
FNF:0
FNH:0
DA:1,4
DA:3,4
DA:26,4
DA:28,4
LF:4
LH:4
BRF:0
BRH:0
end_of_record
TN:
SF:/Users/sangwoo/Desktop/programming/dreamary/routes/kakaoRoutes.js
FN:7,(anonymous_0)
FNF:1
FNH:0
FNDA:0,(anonymous_0)
DA:1,4
DA:2,4
DA:3,4
DA:5,4
DA:7,4
DA:8,0
DA:13,0
DA:14,0
DA:15,0
DA:16,0
DA:17,0
DA:18,0
DA:20,0
DA:21,0
DA:25,4
LF:15
LH:6
BRF:0
BRH:0
end_of_record
TN:
SF:/Users/sangwoo/Desktop/programming/dreamary/routes/recruitRoutes.js
FN:7,(anonymous_0)
FN:17,(anonymous_1)
FN:31,(anonymous_2)
FN:41,(anonymous_3)
FN:55,(anonymous_4)
FNF:5
FNH:5
FNDA:1,(anonymous_0)
FNDA:3,(anonymous_1)
FNDA:2,(anonymous_2)
FNDA:3,(anonymous_3)
FNDA:3,(anonymous_4)
DA:1,4
DA:2,4
DA:3,4
DA:4,4
DA:7,4
DA:8,1
DA:9,1
DA:10,1
DA:12,0
DA:17,4
DA:18,3
DA:19,3
DA:20,2
DA:21,1
DA:23,1
DA:25,2
DA:31,4
DA:32,2
DA:33,2
DA:34,1
DA:36,1
DA:41,4
DA:42,3
DA:43,3
DA:44,3
DA:45,2
DA:46,1
DA:48,1
DA:50,2
DA:55,4
DA:56,3
DA:57,3
DA:58,2
DA:60,1
DA:65,4
LF:35
LH:34
BRDA:20,0,0,1
BRDA:20,0,1,1
BRDA:45,1,0,1
BRDA:45,1,1,1
BRF:4
BRH:4
end_of_record
TN:
SF:/Users/sangwoo/Desktop/programming/dreamary/routes/reservationRoutes.js
FN:8,(anonymous_0)
FN:18,(anonymous_1)
FN:28,(anonymous_2)
FN:51,(anonymous_3)
FN:58,(anonymous_4)
FN:60,(anonymous_5)
FNF:6
FNH:6
FNDA:1,(anonymous_0)
FNDA:3,(anonymous_1)
FNDA:2,(anonymous_2)
FNDA:2,(anonymous_3)
FNDA:1,(anonymous_4)
FNDA:1,(anonymous_5)
DA:1,4
DA:2,4
DA:3,4
DA:4,4
DA:5,4
DA:8,4
DA:9,1
DA:10,1
DA:11,1
DA:13,0
DA:18,4
DA:19,3
DA:20,3
DA:21,2
DA:23,1
DA:28,4
DA:29,2
DA:30,2
DA:31,2
DA:32,2
DA:33,2
DA:34,1
DA:36,1
DA:38,1
DA:39,1
DA:41,1
DA:42,1
DA:44,1
DA:46,1
DA:51,4
DA:52,2
DA:53,2
DA:54,2
DA:55,1
DA:57,1
DA:58,1
DA:59,1
DA:60,1
DA:62,1
DA:63,1
DA:65,1
DA:67,1
DA:72,4
LF:43
LH:42
BRDA:33,0,0,1
BRDA:33,0,1,1
BRDA:33,1,0,2
BRDA:33,1,1,1
BRDA:54,2,0,1
BRDA:54,2,1,1
BRF:6
BRH:6
end_of_record
TN:
SF:/Users/sangwoo/Desktop/programming/dreamary/routes/ticketRoutes.js
FN:8,(anonymous_0)
FN:22,(anonymous_1)
FN:65,(anonymous_2)
FNF:3
FNH:3
FNDA:3,(anonymous_0)
FNDA:3,(anonymous_1)
FNDA:2,(anonymous_2)
DA:1,4
DA:2,4
DA:3,4
DA:4,4
DA:5,4
DA:8,4
DA:9,3
DA:10,3
DA:11,3
DA:12,1
DA:14,2
DA:15,2
DA:17,1
DA:22,4
DA:23,3
DA:24,3
DA:25,3
DA:26,1
DA:28,2
DA:29,2
DA:30,2
DA:32,2
DA:33,1
DA:35,1
DA:37,1
DA:39,2
DA:65,4
DA:66,2
DA:67,2
DA:68,2
DA:69,1
DA:71,1
DA:72,1
DA:73,1
DA:75,1
DA:77,1
DA:81,4
LF:37
LH:37
BRDA:11,0,0,1
BRDA:11,0,1,2
BRDA:25,1,0,1
BRDA:25,1,1,2
BRDA:68,2,0,1
BRDA:68,2,1,1
BRF:6
BRH:6
end_of_record
TN:
SF:/Users/sangwoo/Desktop/programming/dreamary/routes/userRoutes.js
FN:7,(anonymous_0)
FN:17,(anonymous_1)
FNF:2
FNH:2
FNDA:1,(anonymous_0)
FNDA:1,(anonymous_1)
DA:1,4
DA:2,4
DA:3,4
DA:4,4
DA:7,4
DA:8,1
DA:9,1
DA:10,1
DA:12,0
DA:17,4
DA:18,1
DA:19,1
DA:20,1
DA:21,1
DA:22,1
DA:24,1
DA:26,0
DA:30,4
LF:18
LH:16
BRF:0
BRH:0
end_of_record
TN:
SF:/Users/sangwoo/Desktop/programming/dreamary/test/seed/recruitSeed.js
FN:14,(anonymous_0)
FN:15,(anonymous_1)
FN:17,(anonymous_2)
FNF:3
FNH:3
FNDA:12,(anonymous_0)
FNDA:12,(anonymous_1)
FNDA:12,(anonymous_2)
DA:1,1
DA:2,1
DA:3,1
DA:6,1
DA:14,1
DA:15,12
DA:16,12
DA:18,12
DA:22,1
LF:9
LH:9
BRF:0
BRH:0
end_of_record
TN:
SF:/Users/sangwoo/Desktop/programming/dreamary/test/seed/reservationSeed.js
FN:18,(anonymous_0)
FN:19,(anonymous_1)
FN:21,(anonymous_2)
FN:23,(anonymous_3)
FN:25,(anonymous_4)
FN:27,(anonymous_5)
FNF:6
FNH:5
FNDA:8,(anonymous_0)
FNDA:8,(anonymous_1)
FNDA:8,(anonymous_2)
FNDA:8,(anonymous_3)
FNDA:8,(anonymous_4)
FNDA:0,(anonymous_5)
DA:1,1
DA:2,1
DA:3,1
DA:4,1
DA:6,1
DA:18,1
DA:19,8
DA:20,8
DA:22,8
DA:24,8
DA:26,8
DA:28,0
DA:32,1
LF:13
LH:12
BRF:0
BRH:0
end_of_record
TN:
SF:/Users/sangwoo/Desktop/programming/dreamary/test/seed/ticketSeed.js
FN:28,(anonymous_0)
FN:29,(anonymous_1)
FN:31,(anonymous_2)
FN:33,(anonymous_3)
FN:35,(anonymous_4)
FN:37,(anonymous_5)
FNF:6
FNH:5
FNDA:8,(anonymous_0)
FNDA:8,(anonymous_1)
FNDA:8,(anonymous_2)
FNDA:8,(anonymous_3)
FNDA:8,(anonymous_4)
FNDA:0,(anonymous_5)
DA:1,1
DA:2,1
DA:3,1
DA:4,1
DA:6,1
DA:28,1
DA:29,8
DA:30,8
DA:32,8
DA:34,8
DA:36,8
DA:38,0
DA:42,1
LF:13
LH:12
BRF:0
BRH:0
end_of_record
TN:
SF:/Users/sangwoo/Desktop/programming/dreamary/test/seed/userSeed.js
FN:27,(anonymous_0)
FN:28,(anonymous_1)
FN:30,(anonymous_2)
FNF:3
FNH:3
FNDA:30,(anonymous_0)
FNDA:30,(anonymous_1)
FNDA:30,(anonymous_2)
DA:1,4
DA:2,4
DA:5,4
DA:27,4
DA:28,30
DA:29,30
DA:31,30
DA:36,4
LF:8
LH:8
BRF:0
BRH:0
end_of_record
